<?xml version="1.0" encoding="UTF-8"?>
<testng-results skipped="0" failed="3" ignored="3" total="7" passed="1">
  <reporter-output>
  </reporter-output>
  <suite name="EposWebOrders" duration-ms="65033" started-at="2021-03-26T06:37:47Z" finished-at="2021-03-26T06:38:52Z">
    <groups>
      <group name="colNoPro">
        <method signature="OrderTypePageTest.Verify_clickOnCollections()[pri:1, instance:testPages.OrderTypePageTest@6b26e945]" name="Verify_clickOnCollections" class="testPages.OrderTypePageTest"/>
        <method signature="OrderTypePageTest.radioButton_selectNo()[pri:2, instance:testPages.OrderTypePageTest@6b26e945]" name="radioButton_selectNo" class="testPages.OrderTypePageTest"/>
        <method signature="OrderTypePageTest.verify_Proceed()[pri:3, instance:testPages.OrderTypePageTest@6b26e945]" name="verify_Proceed" class="testPages.OrderTypePageTest"/>
      </group> <!-- colNoPro -->
      <group name="out">
        <method signature="CheckOutPageTest.verify_POD()[pri:5, instance:testPages.CheckOutPageTest@54c562f7]" name="verify_POD" class="testPages.CheckOutPageTest"/>
        <method signature="CheckOutPageTest.verify_clickOnAddItem()[pri:4, instance:testPages.CheckOutPageTest@54c562f7]" name="verify_clickOnAddItem" class="testPages.CheckOutPageTest"/>
        <method signature="CheckOutPageTest.verify_clickOnContinueAsGuest()[pri:1, instance:testPages.CheckOutPageTest@54c562f7]" name="verify_clickOnContinueAsGuest" class="testPages.CheckOutPageTest"/>
        <method signature="CheckOutPageTest.verify_clickOnNext()[pri:3, instance:testPages.CheckOutPageTest@54c562f7]" name="verify_clickOnNext" class="testPages.CheckOutPageTest"/>
        <method signature="CheckOutPageTest.verify_enterDetails()[pri:2, instance:testPages.CheckOutPageTest@54c562f7]" name="verify_enterDetails" class="testPages.CheckOutPageTest"/>
        <method signature="CheckOutPageTest.verify_paymentment()[pri:6, instance:testPages.CheckOutPageTest@54c562f7]" name="verify_paymentment" class="testPages.CheckOutPageTest"/>
      </group> <!-- out -->
      <group name="Food">
        <method signature="MenuWebPageTest.Verify_clickOnAddCart()[pri:4, instance:testPages.MenuWebPageTest@63a65a25]" name="Verify_clickOnAddCart" class="testPages.MenuWebPageTest"/>
        <method signature="MenuWebPageTest.Verify_clickOnFoodMenu()[pri:1, instance:testPages.MenuWebPageTest@63a65a25]" name="Verify_clickOnFoodMenu" class="testPages.MenuWebPageTest"/>
        <method signature="MenuWebPageTest.Verify_clickOnItemMod()[pri:2, instance:testPages.MenuWebPageTest@63a65a25]" name="Verify_clickOnItemMod" class="testPages.MenuWebPageTest"/>
        <method signature="MenuWebPageTest.Verify_selectIDM1()[pri:3, instance:testPages.MenuWebPageTest@63a65a25]" name="Verify_selectIDM1" class="testPages.MenuWebPageTest"/>
        <method signature="MenuWebPageTest.Verify_selectIDM2()[pri:5, instance:testPages.MenuWebPageTest@63a65a25]" name="Verify_selectIDM2" class="testPages.MenuWebPageTest"/>
        <method signature="MenuWebPageTest.verify_CheckOutAmount()[pri:7, instance:testPages.MenuWebPageTest@63a65a25]" name="verify_CheckOutAmount" class="testPages.MenuWebPageTest"/>
        <method signature="MenuWebPageTest.verify_clickOnAddCart()[pri:6, instance:testPages.MenuWebPageTest@63a65a25]" name="verify_clickOnAddCart" class="testPages.MenuWebPageTest"/>
      </group> <!-- Food -->
    </groups>
    <test name="WebOrders" duration-ms="65033" started-at="2021-03-26T06:37:47Z" finished-at="2021-03-26T06:38:52Z">
      <class name="testPages.OrderTypePageTest">
        <test-method status="PASS" signature="beforeClass()[pri:0, instance:testPages.OrderTypePageTest@6b26e945]" name="beforeClass" is-config="true" duration-ms="11080" started-at="2021-03-26T06:37:47Z" finished-at="2021-03-26T06:37:58Z">
          <reporter-output>
          </reporter-output>
        </test-method> <!-- beforeClass -->
        <test-method status="FAIL" signature="Verify_clickOnCollections()[pri:1, instance:testPages.OrderTypePageTest@6b26e945]" name="Verify_clickOnCollections" duration-ms="1096" started-at="2021-03-26T06:37:58Z" finished-at="2021-03-26T06:37:59Z">
          <exception class="org.openqa.selenium.ElementClickInterceptedException">
            <message>
              <![CDATA[element click intercepted: Element <button class="ordertype active" data-id="1" id="collection_btn">...</button> is not clickable at point (414, 182). Other element would receive the click: <div class="loada-body" style="">...</div>
  (Session info: chrome=89.0.4389.90)
Build info: version: '3.14.0', revision: 'aacccce0', time: '2018-08-02T20:19:58.91Z'
System info: host: 'VENKATESH', ip: '192.168.0.133', os.name: 'Windows 8.1', os.arch: 'amd64', os.version: '6.3', java.version: '1.8.0_281'
Driver info: org.openqa.selenium.chrome.ChromeDriver
Capabilities {acceptInsecureCerts: false, browserName: chrome, browserVersion: 89.0.4389.90, chrome: {chromedriverVersion: 88.0.4324.96 (68dba2d8a0b14..., userDataDir: C:\Windows\TEMP\scoped_dir7...}, goog:chromeOptions: {debuggerAddress: localhost:51219}, javascriptEnabled: true, networkConnectionEnabled: false, pageLoadStrategy: normal, platform: WINDOWS, platformName: WINDOWS, proxy: Proxy(), setWindowRect: true, strictFileInteractability: false, timeouts: {implicit: 0, pageLoad: 300000, script: 30000}, unhandledPromptBehavior: dismiss and notify, webauthn:extension:largeBlob: true, webauthn:virtualAuthenticators: true}
Session ID: cbc6aaf3ba9c4b9ada809713ae2b3f30]]>
            </message>
            <full-stacktrace>
              <![CDATA[org.openqa.selenium.ElementClickInterceptedException: element click intercepted: Element <button class="ordertype active" data-id="1" id="collection_btn">...</button> is not clickable at point (414, 182). Other element would receive the click: <div class="loada-body" style="">...</div>
  (Session info: chrome=89.0.4389.90)
Build info: version: '3.14.0', revision: 'aacccce0', time: '2018-08-02T20:19:58.91Z'
System info: host: 'VENKATESH', ip: '192.168.0.133', os.name: 'Windows 8.1', os.arch: 'amd64', os.version: '6.3', java.version: '1.8.0_281'
Driver info: org.openqa.selenium.chrome.ChromeDriver
Capabilities {acceptInsecureCerts: false, browserName: chrome, browserVersion: 89.0.4389.90, chrome: {chromedriverVersion: 88.0.4324.96 (68dba2d8a0b14..., userDataDir: C:\Windows\TEMP\scoped_dir7...}, goog:chromeOptions: {debuggerAddress: localhost:51219}, javascriptEnabled: true, networkConnectionEnabled: false, pageLoadStrategy: normal, platform: WINDOWS, platformName: WINDOWS, proxy: Proxy(), setWindowRect: true, strictFileInteractability: false, timeouts: {implicit: 0, pageLoad: 300000, script: 30000}, unhandledPromptBehavior: dismiss and notify, webauthn:extension:largeBlob: true, webauthn:virtualAuthenticators: true}
Session ID: cbc6aaf3ba9c4b9ada809713ae2b3f30
at sun.reflect.NativeConstructorAccessorImpl.newInstance0(Native Method)
at sun.reflect.NativeConstructorAccessorImpl.newInstance(NativeConstructorAccessorImpl.java:62)
at sun.reflect.DelegatingConstructorAccessorImpl.newInstance(DelegatingConstructorAccessorImpl.java:45)
at java.lang.reflect.Constructor.newInstance(Constructor.java:423)
at org.openqa.selenium.remote.http.W3CHttpResponseCodec.createException(W3CHttpResponseCodec.java:187)
at org.openqa.selenium.remote.http.W3CHttpResponseCodec.decode(W3CHttpResponseCodec.java:122)
at org.openqa.selenium.remote.http.W3CHttpResponseCodec.decode(W3CHttpResponseCodec.java:49)
at org.openqa.selenium.remote.HttpCommandExecutor.execute(HttpCommandExecutor.java:158)
at org.openqa.selenium.remote.service.DriverCommandExecutor.execute(DriverCommandExecutor.java:83)
at org.openqa.selenium.remote.RemoteWebDriver.execute(RemoteWebDriver.java:548)
at org.openqa.selenium.remote.RemoteWebElement.execute(RemoteWebElement.java:276)
at org.openqa.selenium.remote.RemoteWebElement.click(RemoteWebElement.java:83)
at pages.OrderTypePage.clickOnCollections(OrderTypePage.java:38)
at testPages.OrderTypePageTest.Verify_clickOnCollections(OrderTypePageTest.java:37)
at sun.reflect.NativeMethodAccessorImpl.invoke0(Native Method)
at sun.reflect.NativeMethodAccessorImpl.invoke(NativeMethodAccessorImpl.java:62)
at sun.reflect.DelegatingMethodAccessorImpl.invoke(DelegatingMethodAccessorImpl.java:43)
at java.lang.reflect.Method.invoke(Method.java:498)
at org.testng.internal.MethodInvocationHelper.invokeMethod(MethodInvocationHelper.java:124)
at org.testng.internal.Invoker.invokeMethod(Invoker.java:583)
at org.testng.internal.Invoker.invokeTestMethod(Invoker.java:719)
at org.testng.internal.Invoker.invokeTestMethods(Invoker.java:989)
at org.testng.internal.TestMethodWorker.invokeTestMethods(TestMethodWorker.java:125)
at org.testng.internal.TestMethodWorker.run(TestMethodWorker.java:109)
at org.testng.TestRunner.privateRun(TestRunner.java:648)
at org.testng.TestRunner.run(TestRunner.java:505)
at org.testng.SuiteRunner.runTest(SuiteRunner.java:455)
at org.testng.SuiteRunner.runSequentially(SuiteRunner.java:450)
at org.testng.SuiteRunner.privateRun(SuiteRunner.java:415)
at org.testng.SuiteRunner.run(SuiteRunner.java:364)
at org.testng.SuiteRunnerWorker.runSuite(SuiteRunnerWorker.java:52)
at org.testng.SuiteRunnerWorker.run(SuiteRunnerWorker.java:84)
at org.testng.TestNG.runSuitesSequentially(TestNG.java:1208)
at org.testng.TestNG.runSuitesLocally(TestNG.java:1137)
at org.testng.TestNG.runSuites(TestNG.java:1049)
at org.testng.TestNG.run(TestNG.java:1017)
at org.apache.maven.surefire.testng.TestNGExecutor.run(TestNGExecutor.java:283)
at org.apache.maven.surefire.testng.TestNGXmlTestSuite.execute(TestNGXmlTestSuite.java:75)
at org.apache.maven.surefire.testng.TestNGProvider.invoke(TestNGProvider.java:120)
at org.apache.maven.surefire.booter.ForkedBooter.invokeProviderInSameClassLoader(ForkedBooter.java:386)
at org.apache.maven.surefire.booter.ForkedBooter.runSuitesInProcess(ForkedBooter.java:323)
at org.apache.maven.surefire.booter.ForkedBooter.main(ForkedBooter.java:143)
]]>
            </full-stacktrace>
          </exception> <!-- org.openqa.selenium.ElementClickInterceptedException -->
          <reporter-output>
          </reporter-output>
        </test-method> <!-- Verify_clickOnCollections -->
        <test-method status="PASS" signature="radioButton_selectNo()[pri:2, instance:testPages.OrderTypePageTest@6b26e945]" name="radioButton_selectNo" duration-ms="21" started-at="2021-03-26T06:38:50Z" finished-at="2021-03-26T06:38:50Z">
          <reporter-output>
          </reporter-output>
        </test-method> <!-- radioButton_selectNo -->
      </class> <!-- testPages.OrderTypePageTest -->
      <class name="testPages.CheckOutPageTest">
        <test-method status="PASS" signature="initilizeBrowser1()[pri:0, instance:testPages.CheckOutPageTest@54c562f7]" name="initilizeBrowser1" is-config="true" duration-ms="2" started-at="2021-03-26T06:37:59Z" finished-at="2021-03-26T06:37:59Z">
          <reporter-output>
          </reporter-output>
        </test-method> <!-- initilizeBrowser1 -->
        <test-method status="FAIL" signature="verify_clickOnContinueAsGuest()[pri:1, instance:testPages.CheckOutPageTest@54c562f7]" name="verify_clickOnContinueAsGuest" duration-ms="50054" started-at="2021-03-26T06:37:59Z" finished-at="2021-03-26T06:38:49Z">
          <exception class="org.openqa.selenium.NoSuchElementException">
            <message>
              <![CDATA[no such element: Unable to locate element: {"method":"css selector","selector":"#guest_tabb"}
  (Session info: chrome=89.0.4389.90)
For documentation on this error, please visit: http://seleniumhq.org/exceptions/no_such_element.html
Build info: version: '3.14.0', revision: 'aacccce0', time: '2018-08-02T20:19:58.91Z'
System info: host: 'VENKATESH', ip: '192.168.0.133', os.name: 'Windows 8.1', os.arch: 'amd64', os.version: '6.3', java.version: '1.8.0_281'
Driver info: org.openqa.selenium.chrome.ChromeDriver
Capabilities {acceptInsecureCerts: false, browserName: chrome, browserVersion: 89.0.4389.90, chrome: {chromedriverVersion: 88.0.4324.96 (68dba2d8a0b14..., userDataDir: C:\Windows\TEMP\scoped_dir7...}, goog:chromeOptions: {debuggerAddress: localhost:51219}, javascriptEnabled: true, networkConnectionEnabled: false, pageLoadStrategy: normal, platform: WINDOWS, platformName: WINDOWS, proxy: Proxy(), setWindowRect: true, strictFileInteractability: false, timeouts: {implicit: 0, pageLoad: 300000, script: 30000}, unhandledPromptBehavior: dismiss and notify, webauthn:extension:largeBlob: true, webauthn:virtualAuthenticators: true}
Session ID: cbc6aaf3ba9c4b9ada809713ae2b3f30
*** Element info: {Using=id, value=guest_tabb}]]>
            </message>
            <full-stacktrace>
              <![CDATA[org.openqa.selenium.NoSuchElementException: no such element: Unable to locate element: {"method":"css selector","selector":"#guest_tabb"}
  (Session info: chrome=89.0.4389.90)
For documentation on this error, please visit: http://seleniumhq.org/exceptions/no_such_element.html
Build info: version: '3.14.0', revision: 'aacccce0', time: '2018-08-02T20:19:58.91Z'
System info: host: 'VENKATESH', ip: '192.168.0.133', os.name: 'Windows 8.1', os.arch: 'amd64', os.version: '6.3', java.version: '1.8.0_281'
Driver info: org.openqa.selenium.chrome.ChromeDriver
Capabilities {acceptInsecureCerts: false, browserName: chrome, browserVersion: 89.0.4389.90, chrome: {chromedriverVersion: 88.0.4324.96 (68dba2d8a0b14..., userDataDir: C:\Windows\TEMP\scoped_dir7...}, goog:chromeOptions: {debuggerAddress: localhost:51219}, javascriptEnabled: true, networkConnectionEnabled: false, pageLoadStrategy: normal, platform: WINDOWS, platformName: WINDOWS, proxy: Proxy(), setWindowRect: true, strictFileInteractability: false, timeouts: {implicit: 0, pageLoad: 300000, script: 30000}, unhandledPromptBehavior: dismiss and notify, webauthn:extension:largeBlob: true, webauthn:virtualAuthenticators: true}
Session ID: cbc6aaf3ba9c4b9ada809713ae2b3f30
*** Element info: {Using=id, value=guest_tabb}
at sun.reflect.NativeConstructorAccessorImpl.newInstance0(Native Method)
at sun.reflect.NativeConstructorAccessorImpl.newInstance(NativeConstructorAccessorImpl.java:62)
at sun.reflect.DelegatingConstructorAccessorImpl.newInstance(DelegatingConstructorAccessorImpl.java:45)
at java.lang.reflect.Constructor.newInstance(Constructor.java:423)
at org.openqa.selenium.remote.http.W3CHttpResponseCodec.createException(W3CHttpResponseCodec.java:187)
at org.openqa.selenium.remote.http.W3CHttpResponseCodec.decode(W3CHttpResponseCodec.java:122)
at org.openqa.selenium.remote.http.W3CHttpResponseCodec.decode(W3CHttpResponseCodec.java:49)
at org.openqa.selenium.remote.HttpCommandExecutor.execute(HttpCommandExecutor.java:158)
at org.openqa.selenium.remote.service.DriverCommandExecutor.execute(DriverCommandExecutor.java:83)
at org.openqa.selenium.remote.RemoteWebDriver.execute(RemoteWebDriver.java:548)
at org.openqa.selenium.remote.RemoteWebDriver.findElement(RemoteWebDriver.java:322)
at org.openqa.selenium.remote.RemoteWebDriver.findElementById(RemoteWebDriver.java:368)
at org.openqa.selenium.By$ById.findElement(By.java:188)
at org.openqa.selenium.remote.RemoteWebDriver.findElement(RemoteWebDriver.java:314)
at pages.CheckOutPage.clickOnContinueAsGuest(CheckOutPage.java:38)
at testPages.CheckOutPageTest.verify_clickOnContinueAsGuest(CheckOutPageTest.java:43)
at sun.reflect.NativeMethodAccessorImpl.invoke0(Native Method)
at sun.reflect.NativeMethodAccessorImpl.invoke(NativeMethodAccessorImpl.java:62)
at sun.reflect.DelegatingMethodAccessorImpl.invoke(DelegatingMethodAccessorImpl.java:43)
at java.lang.reflect.Method.invoke(Method.java:498)
at org.testng.internal.MethodInvocationHelper.invokeMethod(MethodInvocationHelper.java:124)
at org.testng.internal.Invoker.invokeMethod(Invoker.java:583)
at org.testng.internal.Invoker.invokeTestMethod(Invoker.java:719)
at org.testng.internal.Invoker.invokeTestMethods(Invoker.java:989)
at org.testng.internal.TestMethodWorker.invokeTestMethods(TestMethodWorker.java:125)
at org.testng.internal.TestMethodWorker.run(TestMethodWorker.java:109)
at org.testng.TestRunner.privateRun(TestRunner.java:648)
at org.testng.TestRunner.run(TestRunner.java:505)
at org.testng.SuiteRunner.runTest(SuiteRunner.java:455)
at org.testng.SuiteRunner.runSequentially(SuiteRunner.java:450)
at org.testng.SuiteRunner.privateRun(SuiteRunner.java:415)
at org.testng.SuiteRunner.run(SuiteRunner.java:364)
at org.testng.SuiteRunnerWorker.runSuite(SuiteRunnerWorker.java:52)
at org.testng.SuiteRunnerWorker.run(SuiteRunnerWorker.java:84)
at org.testng.TestNG.runSuitesSequentially(TestNG.java:1208)
at org.testng.TestNG.runSuitesLocally(TestNG.java:1137)
at org.testng.TestNG.runSuites(TestNG.java:1049)
at org.testng.TestNG.run(TestNG.java:1017)
at org.apache.maven.surefire.testng.TestNGExecutor.run(TestNGExecutor.java:283)
at org.apache.maven.surefire.testng.TestNGXmlTestSuite.execute(TestNGXmlTestSuite.java:75)
at org.apache.maven.surefire.testng.TestNGProvider.invoke(TestNGProvider.java:120)
at org.apache.maven.surefire.booter.ForkedBooter.invokeProviderInSameClassLoader(ForkedBooter.java:386)
at org.apache.maven.surefire.booter.ForkedBooter.runSuitesInProcess(ForkedBooter.java:323)
at org.apache.maven.surefire.booter.ForkedBooter.main(ForkedBooter.java:143)
]]>
            </full-stacktrace>
          </exception> <!-- org.openqa.selenium.NoSuchElementException -->
          <reporter-output>
          </reporter-output>
        </test-method> <!-- verify_clickOnContinueAsGuest -->
        <test-method status="PASS" signature="screenshots_failedtcs(org.testng.ITestResult)[pri:0, instance:testPages.CheckOutPageTest@54c562f7]" name="screenshots_failedtcs" is-config="true" duration-ms="288" started-at="2021-03-26T06:38:49Z" finished-at="2021-03-26T06:38:50Z">
          <params>
            <param index="0">
              <value>
                <![CDATA[[TestResult name=verify_clickOnContinueAsGuest status=FAILURE method=CheckOutPageTest.verify_clickOnContinueAsGuest()[pri:1, instance:testPages.CheckOutPageTest@54c562f7] output={null}]]]>
              </value>
            </param>
          </params>
          <reporter-output>
          </reporter-output>
        </test-method> <!-- screenshots_failedtcs -->
      </class> <!-- testPages.CheckOutPageTest -->
      <class name="testPages.MenuWebPageTest">
        <test-method status="PASS" signature="initilizeBrowser()[pri:0, instance:testPages.MenuWebPageTest@63a65a25]" name="initilizeBrowser" is-config="true" duration-ms="4" started-at="2021-03-26T06:37:59Z" finished-at="2021-03-26T06:37:59Z">
          <reporter-output>
          </reporter-output>
        </test-method> <!-- initilizeBrowser -->
        <test-method status="FAIL" signature="Verify_clickOnFoodMenu()[pri:1, instance:testPages.MenuWebPageTest@63a65a25]" name="Verify_clickOnFoodMenu" duration-ms="34" started-at="2021-03-26T06:37:59Z" finished-at="2021-03-26T06:37:59Z">
          <exception class="org.openqa.selenium.ElementNotInteractableException">
            <message>
              <![CDATA[element not interactable
  (Session info: chrome=89.0.4389.90)
Build info: version: '3.14.0', revision: 'aacccce0', time: '2018-08-02T20:19:58.91Z'
System info: host: 'VENKATESH', ip: '192.168.0.133', os.name: 'Windows 8.1', os.arch: 'amd64', os.version: '6.3', java.version: '1.8.0_281'
Driver info: org.openqa.selenium.chrome.ChromeDriver
Capabilities {acceptInsecureCerts: false, browserName: chrome, browserVersion: 89.0.4389.90, chrome: {chromedriverVersion: 88.0.4324.96 (68dba2d8a0b14..., userDataDir: C:\Windows\TEMP\scoped_dir7...}, goog:chromeOptions: {debuggerAddress: localhost:51219}, javascriptEnabled: true, networkConnectionEnabled: false, pageLoadStrategy: normal, platform: WINDOWS, platformName: WINDOWS, proxy: Proxy(), setWindowRect: true, strictFileInteractability: false, timeouts: {implicit: 0, pageLoad: 300000, script: 30000}, unhandledPromptBehavior: dismiss and notify, webauthn:extension:largeBlob: true, webauthn:virtualAuthenticators: true}
Session ID: cbc6aaf3ba9c4b9ada809713ae2b3f30]]>
            </message>
            <full-stacktrace>
              <![CDATA[org.openqa.selenium.ElementNotInteractableException: element not interactable
  (Session info: chrome=89.0.4389.90)
Build info: version: '3.14.0', revision: 'aacccce0', time: '2018-08-02T20:19:58.91Z'
System info: host: 'VENKATESH', ip: '192.168.0.133', os.name: 'Windows 8.1', os.arch: 'amd64', os.version: '6.3', java.version: '1.8.0_281'
Driver info: org.openqa.selenium.chrome.ChromeDriver
Capabilities {acceptInsecureCerts: false, browserName: chrome, browserVersion: 89.0.4389.90, chrome: {chromedriverVersion: 88.0.4324.96 (68dba2d8a0b14..., userDataDir: C:\Windows\TEMP\scoped_dir7...}, goog:chromeOptions: {debuggerAddress: localhost:51219}, javascriptEnabled: true, networkConnectionEnabled: false, pageLoadStrategy: normal, platform: WINDOWS, platformName: WINDOWS, proxy: Proxy(), setWindowRect: true, strictFileInteractability: false, timeouts: {implicit: 0, pageLoad: 300000, script: 30000}, unhandledPromptBehavior: dismiss and notify, webauthn:extension:largeBlob: true, webauthn:virtualAuthenticators: true}
Session ID: cbc6aaf3ba9c4b9ada809713ae2b3f30
at sun.reflect.NativeConstructorAccessorImpl.newInstance0(Native Method)
at sun.reflect.NativeConstructorAccessorImpl.newInstance(NativeConstructorAccessorImpl.java:62)
at sun.reflect.DelegatingConstructorAccessorImpl.newInstance(DelegatingConstructorAccessorImpl.java:45)
at java.lang.reflect.Constructor.newInstance(Constructor.java:423)
at org.openqa.selenium.remote.http.W3CHttpResponseCodec.createException(W3CHttpResponseCodec.java:187)
at org.openqa.selenium.remote.http.W3CHttpResponseCodec.decode(W3CHttpResponseCodec.java:122)
at org.openqa.selenium.remote.http.W3CHttpResponseCodec.decode(W3CHttpResponseCodec.java:49)
at org.openqa.selenium.remote.HttpCommandExecutor.execute(HttpCommandExecutor.java:158)
at org.openqa.selenium.remote.service.DriverCommandExecutor.execute(DriverCommandExecutor.java:83)
at org.openqa.selenium.remote.RemoteWebDriver.execute(RemoteWebDriver.java:548)
at org.openqa.selenium.remote.RemoteWebElement.execute(RemoteWebElement.java:276)
at org.openqa.selenium.remote.RemoteWebElement.click(RemoteWebElement.java:83)
at pages.MenuWeb.clickOnFoodMenu(MenuWeb.java:41)
at testPages.MenuWebPageTest.Verify_clickOnFoodMenu(MenuWebPageTest.java:43)
at sun.reflect.NativeMethodAccessorImpl.invoke0(Native Method)
at sun.reflect.NativeMethodAccessorImpl.invoke(NativeMethodAccessorImpl.java:62)
at sun.reflect.DelegatingMethodAccessorImpl.invoke(DelegatingMethodAccessorImpl.java:43)
at java.lang.reflect.Method.invoke(Method.java:498)
at org.testng.internal.MethodInvocationHelper.invokeMethod(MethodInvocationHelper.java:124)
at org.testng.internal.Invoker.invokeMethod(Invoker.java:583)
at org.testng.internal.Invoker.invokeTestMethod(Invoker.java:719)
at org.testng.internal.Invoker.invokeTestMethods(Invoker.java:989)
at org.testng.internal.TestMethodWorker.invokeTestMethods(TestMethodWorker.java:125)
at org.testng.internal.TestMethodWorker.run(TestMethodWorker.java:109)
at org.testng.TestRunner.privateRun(TestRunner.java:648)
at org.testng.TestRunner.run(TestRunner.java:505)
at org.testng.SuiteRunner.runTest(SuiteRunner.java:455)
at org.testng.SuiteRunner.runSequentially(SuiteRunner.java:450)
at org.testng.SuiteRunner.privateRun(SuiteRunner.java:415)
at org.testng.SuiteRunner.run(SuiteRunner.java:364)
at org.testng.SuiteRunnerWorker.runSuite(SuiteRunnerWorker.java:52)
at org.testng.SuiteRunnerWorker.run(SuiteRunnerWorker.java:84)
at org.testng.TestNG.runSuitesSequentially(TestNG.java:1208)
at org.testng.TestNG.runSuitesLocally(TestNG.java:1137)
at org.testng.TestNG.runSuites(TestNG.java:1049)
at org.testng.TestNG.run(TestNG.java:1017)
at org.apache.maven.surefire.testng.TestNGExecutor.run(TestNGExecutor.java:283)
at org.apache.maven.surefire.testng.TestNGXmlTestSuite.execute(TestNGXmlTestSuite.java:75)
at org.apache.maven.surefire.testng.TestNGProvider.invoke(TestNGProvider.java:120)
at org.apache.maven.surefire.booter.ForkedBooter.invokeProviderInSameClassLoader(ForkedBooter.java:386)
at org.apache.maven.surefire.booter.ForkedBooter.runSuitesInProcess(ForkedBooter.java:323)
at org.apache.maven.surefire.booter.ForkedBooter.main(ForkedBooter.java:143)
]]>
            </full-stacktrace>
          </exception> <!-- org.openqa.selenium.ElementNotInteractableException -->
          <reporter-output>
          </reporter-output>
        </test-method> <!-- Verify_clickOnFoodMenu -->
      </class> <!-- testPages.MenuWebPageTest -->
    </test> <!-- WebOrders -->
  </suite> <!-- EposWebOrders -->
</testng-results>
