<?xml version="1.0" encoding="UTF-8"?>
<!-- Generated by org.testng.reporters.JUnitXMLReporter -->
<testsuite ignored="9" hostname="Venkatesh" failures="3" tests="13" name="WebOrders" time="41.604" errors="0" timestamp="26 Mar 2021 13:32:55 GMT">
  <testcase classname="testPages.OrderTypePageTest" name="Verify_clickOnCollections" time="0.708"/>
  <testcase classname="testPages.MenuWebPageTest" name="Verify_clickOnFoodMenu" time="6.089">
    <failure type="org.openqa.selenium.ElementClickInterceptedException" message="element click intercepted: Element &amp;lt;small&amp;gt;...&amp;lt;/small&amp;gt; is not clickable at point (138, 126). Other element would receive the click: &amp;lt;div class=&amp;quot;modal fade in&amp;quot; id=&amp;quot;service_popup&amp;quot; role=&amp;quot;dialog&amp;quot; style=&amp;quot;display: block;&amp;quot;&amp;gt;...&amp;lt;/div&amp;gt;
  (Session info: chrome=89.0.4389.90)
Build info: version: &amp;apos;3.14.0&amp;apos;, revision: &amp;apos;aacccce0&amp;apos;, time: &amp;apos;2018-08-02T20:19:58.91Z&amp;apos;
System info: host: &amp;apos;VENKATESH&amp;apos;, ip: &amp;apos;192.168.0.133&amp;apos;, os.name: &amp;apos;Windows 8.1&amp;apos;, os.arch: &amp;apos;amd64&amp;apos;, os.version: &amp;apos;6.3&amp;apos;, java.version: &amp;apos;15.0.1&amp;apos;
Driver info: org.openqa.selenium.chrome.ChromeDriver
Capabilities {acceptInsecureCerts: false, browserName: chrome, browserVersion: 89.0.4389.90, chrome: {chromedriverVersion: 88.0.4324.96 (68dba2d8a0b14..., userDataDir: C:\Users\VENKAT~1\AppData\L...}, goog:chromeOptions: {debuggerAddress: localhost:54501}, javascriptEnabled: true, networkConnectionEnabled: false, pageLoadStrategy: normal, platform: WINDOWS, platformName: WINDOWS, proxy: Proxy(), setWindowRect: true, strictFileInteractability: false, timeouts: {implicit: 0, pageLoad: 300000, script: 30000}, unhandledPromptBehavior: dismiss and notify, webauthn:extension:largeBlob: true, webauthn:virtualAuthenticators: true}
Session ID: a94c376296c7aa5381b6b0f4b863b8dd">
      <![CDATA[org.openqa.selenium.ElementClickInterceptedException: element click intercepted: Element <small>...</small> is not clickable at point (138, 126). Other element would receive the click: <div class="modal fade in" id="service_popup" role="dialog" style="display: block;">...</div>
  (Session info: chrome=89.0.4389.90)
Build info: version: '3.14.0', revision: 'aacccce0', time: '2018-08-02T20:19:58.91Z'
System info: host: 'VENKATESH', ip: '192.168.0.133', os.name: 'Windows 8.1', os.arch: 'amd64', os.version: '6.3', java.version: '15.0.1'
Driver info: org.openqa.selenium.chrome.ChromeDriver
Capabilities {acceptInsecureCerts: false, browserName: chrome, browserVersion: 89.0.4389.90, chrome: {chromedriverVersion: 88.0.4324.96 (68dba2d8a0b14..., userDataDir: C:\Users\VENKAT~1\AppData\L...}, goog:chromeOptions: {debuggerAddress: localhost:54501}, javascriptEnabled: true, networkConnectionEnabled: false, pageLoadStrategy: normal, platform: WINDOWS, platformName: WINDOWS, proxy: Proxy(), setWindowRect: true, strictFileInteractability: false, timeouts: {implicit: 0, pageLoad: 300000, script: 30000}, unhandledPromptBehavior: dismiss and notify, webauthn:extension:largeBlob: true, webauthn:virtualAuthenticators: true}
Session ID: a94c376296c7aa5381b6b0f4b863b8dd
at org.openqa.selenium.remote.http.W3CHttpResponseCodec.createException(W3CHttpResponseCodec.java:187)
at org.openqa.selenium.remote.http.W3CHttpResponseCodec.decode(W3CHttpResponseCodec.java:122)
at org.openqa.selenium.remote.http.W3CHttpResponseCodec.decode(W3CHttpResponseCodec.java:49)
at org.openqa.selenium.remote.HttpCommandExecutor.execute(HttpCommandExecutor.java:158)
at org.openqa.selenium.remote.service.DriverCommandExecutor.execute(DriverCommandExecutor.java:83)
at org.openqa.selenium.remote.RemoteWebDriver.execute(RemoteWebDriver.java:548)
at org.openqa.selenium.remote.RemoteWebElement.execute(RemoteWebElement.java:276)
at org.openqa.selenium.remote.RemoteWebElement.click(RemoteWebElement.java:83)
at pages.MenuWebPage.clickOnFoodMenu(MenuWebPage.java:49)
at testPages.MenuWebPageTest.Verify_clickOnFoodMenu(MenuWebPageTest.java:48)
... Removed 30 stack frames]]>
    </failure>
  </testcase> <!-- Verify_clickOnFoodMenu -->
  <testcase classname="testPages.OrderTypePageTest" name="verify_Proceed" time="5.079"/>
  <testcase classname="testPages.MenuWebPageTest" name="Verify_clickonFoodCat_ItemMod" time="0.032"/>
  <testcase classname="testPages.MenuWebPageTest" name="Verify_clickonFoodCat_Items_cat" time="0.03"/>
  <testcase classname="testPages.MenuWebPageTest" name="Verify_clickonFoodCat_ItemsMultiprice_cat" time="0.02"/>
  <testcase classname="testPages.MenuWebPageTest" name="Verify_clickonDrinkMenu" time="5.092"/>
  <testcase classname="testPages.MenuWebPageTest" name="Verify_clickonFoodCat_DrinksItems_cat" time="0.03">
    <failure type="org.openqa.selenium.InvalidSelectorException" message="invalid selector: Unable to locate an element with the xpath expression //small[contains(.,&amp;apos;Items&amp;apos;)])[3] because of the following error:
SyntaxError: Failed to execute &amp;apos;evaluate&amp;apos; on &amp;apos;Document&amp;apos;: The string &amp;apos;//small[contains(.,&amp;apos;Items&amp;apos;)])[3]&amp;apos; is not a valid XPath expression.
  (Session info: chrome=89.0.4389.90)
For documentation on this error, please visit: http://seleniumhq.org/exceptions/invalid_selector_exception.html
Build info: version: &amp;apos;3.14.0&amp;apos;, revision: &amp;apos;aacccce0&amp;apos;, time: &amp;apos;2018-08-02T20:19:58.91Z&amp;apos;
System info: host: &amp;apos;VENKATESH&amp;apos;, ip: &amp;apos;192.168.0.133&amp;apos;, os.name: &amp;apos;Windows 8.1&amp;apos;, os.arch: &amp;apos;amd64&amp;apos;, os.version: &amp;apos;6.3&amp;apos;, java.version: &amp;apos;15.0.1&amp;apos;
Driver info: org.openqa.selenium.chrome.ChromeDriver
Capabilities {acceptInsecureCerts: false, browserName: chrome, browserVersion: 89.0.4389.90, chrome: {chromedriverVersion: 88.0.4324.96 (68dba2d8a0b14..., userDataDir: C:\Users\VENKAT~1\AppData\L...}, goog:chromeOptions: {debuggerAddress: localhost:54501}, javascriptEnabled: true, networkConnectionEnabled: false, pageLoadStrategy: normal, platform: WINDOWS, platformName: WINDOWS, proxy: Proxy(), setWindowRect: true, strictFileInteractability: false, timeouts: {implicit: 0, pageLoad: 300000, script: 30000}, unhandledPromptBehavior: dismiss and notify, webauthn:extension:largeBlob: true, webauthn:virtualAuthenticators: true}
Session ID: a94c376296c7aa5381b6b0f4b863b8dd
*** Element info: {Using=xpath, value=//small[contains(.,&amp;apos;Items&amp;apos;)])[3]}">
      <![CDATA[org.openqa.selenium.InvalidSelectorException: invalid selector: Unable to locate an element with the xpath expression //small[contains(.,'Items')])[3] because of the following error:
SyntaxError: Failed to execute 'evaluate' on 'Document': The string '//small[contains(.,'Items')])[3]' is not a valid XPath expression.
  (Session info: chrome=89.0.4389.90)
For documentation on this error, please visit: http://seleniumhq.org/exceptions/invalid_selector_exception.html
Build info: version: '3.14.0', revision: 'aacccce0', time: '2018-08-02T20:19:58.91Z'
System info: host: 'VENKATESH', ip: '192.168.0.133', os.name: 'Windows 8.1', os.arch: 'amd64', os.version: '6.3', java.version: '15.0.1'
Driver info: org.openqa.selenium.chrome.ChromeDriver
Capabilities {acceptInsecureCerts: false, browserName: chrome, browserVersion: 89.0.4389.90, chrome: {chromedriverVersion: 88.0.4324.96 (68dba2d8a0b14..., userDataDir: C:\Users\VENKAT~1\AppData\L...}, goog:chromeOptions: {debuggerAddress: localhost:54501}, javascriptEnabled: true, networkConnectionEnabled: false, pageLoadStrategy: normal, platform: WINDOWS, platformName: WINDOWS, proxy: Proxy(), setWindowRect: true, strictFileInteractability: false, timeouts: {implicit: 0, pageLoad: 300000, script: 30000}, unhandledPromptBehavior: dismiss and notify, webauthn:extension:largeBlob: true, webauthn:virtualAuthenticators: true}
Session ID: a94c376296c7aa5381b6b0f4b863b8dd
*** Element info: {Using=xpath, value=//small[contains(.,'Items')])[3]}
at org.openqa.selenium.remote.http.W3CHttpResponseCodec.createException(W3CHttpResponseCodec.java:187)
at org.openqa.selenium.remote.http.W3CHttpResponseCodec.decode(W3CHttpResponseCodec.java:122)
at org.openqa.selenium.remote.http.W3CHttpResponseCodec.decode(W3CHttpResponseCodec.java:49)
at org.openqa.selenium.remote.HttpCommandExecutor.execute(HttpCommandExecutor.java:158)
at org.openqa.selenium.remote.service.DriverCommandExecutor.execute(DriverCommandExecutor.java:83)
at org.openqa.selenium.remote.RemoteWebDriver.execute(RemoteWebDriver.java:548)
at org.openqa.selenium.remote.RemoteWebDriver.findElement(RemoteWebDriver.java:322)
at org.openqa.selenium.remote.RemoteWebDriver.findElementByXPath(RemoteWebDriver.java:424)
at org.openqa.selenium.By$ByXPath.findElement(By.java:353)
at org.openqa.selenium.remote.RemoteWebDriver.findElement(RemoteWebDriver.java:314)
at pages.MenuWebPage.clickOnDrinksCat_DrinksItems_cat(MenuWebPage.java:116)
at testPages.MenuWebPageTest.Verify_clickonFoodCat_DrinksItems_cat(MenuWebPageTest.java:104)
... Removed 30 stack frames]]>
    </failure>
  </testcase> <!-- Verify_clickonFoodCat_DrinksItems_cat -->
  <testcase classname="testPages.MenuWebPageTest" name="Verify_clickonMealsMenu" time="5.087"/>
  <testcase classname="testPages.MenuWebPageTest" name="Verify_clickonFoodCat_MealDeals_cat" time="0.027"/>
  <testcase classname="testPages.MenuWebPageTest" name="Verify_clickonFoodCat_MixMatch_cat" time="0.035"/>
  <testcase classname="testPages.MenuWebPageTest" name="Verify_clickonPizzaMenu" time="5.093"/>
  <testcase classname="testPages.MenuWebPageTest" name="Verify_clickonFoodCat_Pizza_cat" time="0.027">
    <failure type="org.openqa.selenium.InvalidSelectorException" message="invalid selector: Unable to locate an element with the xpath expression //small[contains(.,&amp;apos;Pizza&amp;apos;)])[2] because of the following error:
SyntaxError: Failed to execute &amp;apos;evaluate&amp;apos; on &amp;apos;Document&amp;apos;: The string &amp;apos;//small[contains(.,&amp;apos;Pizza&amp;apos;)])[2]&amp;apos; is not a valid XPath expression.
  (Session info: chrome=89.0.4389.90)
For documentation on this error, please visit: http://seleniumhq.org/exceptions/invalid_selector_exception.html
Build info: version: &amp;apos;3.14.0&amp;apos;, revision: &amp;apos;aacccce0&amp;apos;, time: &amp;apos;2018-08-02T20:19:58.91Z&amp;apos;
System info: host: &amp;apos;VENKATESH&amp;apos;, ip: &amp;apos;192.168.0.133&amp;apos;, os.name: &amp;apos;Windows 8.1&amp;apos;, os.arch: &amp;apos;amd64&amp;apos;, os.version: &amp;apos;6.3&amp;apos;, java.version: &amp;apos;15.0.1&amp;apos;
Driver info: org.openqa.selenium.chrome.ChromeDriver
Capabilities {acceptInsecureCerts: false, browserName: chrome, browserVersion: 89.0.4389.90, chrome: {chromedriverVersion: 88.0.4324.96 (68dba2d8a0b14..., userDataDir: C:\Users\VENKAT~1\AppData\L...}, goog:chromeOptions: {debuggerAddress: localhost:54501}, javascriptEnabled: true, networkConnectionEnabled: false, pageLoadStrategy: normal, platform: WINDOWS, platformName: WINDOWS, proxy: Proxy(), setWindowRect: true, strictFileInteractability: false, timeouts: {implicit: 0, pageLoad: 300000, script: 30000}, unhandledPromptBehavior: dismiss and notify, webauthn:extension:largeBlob: true, webauthn:virtualAuthenticators: true}
Session ID: a94c376296c7aa5381b6b0f4b863b8dd
*** Element info: {Using=xpath, value=//small[contains(.,&amp;apos;Pizza&amp;apos;)])[2]}">
      <![CDATA[org.openqa.selenium.InvalidSelectorException: invalid selector: Unable to locate an element with the xpath expression //small[contains(.,'Pizza')])[2] because of the following error:
SyntaxError: Failed to execute 'evaluate' on 'Document': The string '//small[contains(.,'Pizza')])[2]' is not a valid XPath expression.
  (Session info: chrome=89.0.4389.90)
For documentation on this error, please visit: http://seleniumhq.org/exceptions/invalid_selector_exception.html
Build info: version: '3.14.0', revision: 'aacccce0', time: '2018-08-02T20:19:58.91Z'
System info: host: 'VENKATESH', ip: '192.168.0.133', os.name: 'Windows 8.1', os.arch: 'amd64', os.version: '6.3', java.version: '15.0.1'
Driver info: org.openqa.selenium.chrome.ChromeDriver
Capabilities {acceptInsecureCerts: false, browserName: chrome, browserVersion: 89.0.4389.90, chrome: {chromedriverVersion: 88.0.4324.96 (68dba2d8a0b14..., userDataDir: C:\Users\VENKAT~1\AppData\L...}, goog:chromeOptions: {debuggerAddress: localhost:54501}, javascriptEnabled: true, networkConnectionEnabled: false, pageLoadStrategy: normal, platform: WINDOWS, platformName: WINDOWS, proxy: Proxy(), setWindowRect: true, strictFileInteractability: false, timeouts: {implicit: 0, pageLoad: 300000, script: 30000}, unhandledPromptBehavior: dismiss and notify, webauthn:extension:largeBlob: true, webauthn:virtualAuthenticators: true}
Session ID: a94c376296c7aa5381b6b0f4b863b8dd
*** Element info: {Using=xpath, value=//small[contains(.,'Pizza')])[2]}
at org.openqa.selenium.remote.http.W3CHttpResponseCodec.createException(W3CHttpResponseCodec.java:187)
at org.openqa.selenium.remote.http.W3CHttpResponseCodec.decode(W3CHttpResponseCodec.java:122)
at org.openqa.selenium.remote.http.W3CHttpResponseCodec.decode(W3CHttpResponseCodec.java:49)
at org.openqa.selenium.remote.HttpCommandExecutor.execute(HttpCommandExecutor.java:158)
at org.openqa.selenium.remote.service.DriverCommandExecutor.execute(DriverCommandExecutor.java:83)
at org.openqa.selenium.remote.RemoteWebDriver.execute(RemoteWebDriver.java:548)
at org.openqa.selenium.remote.RemoteWebDriver.findElement(RemoteWebDriver.java:322)
at org.openqa.selenium.remote.RemoteWebDriver.findElementByXPath(RemoteWebDriver.java:424)
at org.openqa.selenium.By$ByXPath.findElement(By.java:353)
at org.openqa.selenium.remote.RemoteWebDriver.findElement(RemoteWebDriver.java:314)
at pages.MenuWebPage.clickOnPizzaCat_Pizza_cat(MenuWebPage.java:137)
at testPages.MenuWebPageTest.Verify_clickonFoodCat_Pizza_cat(MenuWebPageTest.java:174)
... Removed 30 stack frames]]>
    </failure>
  </testcase> <!-- Verify_clickonFoodCat_Pizza_cat -->
  <testcase classname="testPages.MenuWebPageTest" name="Verify_selectIDM1" time="0.0">
    <ignored/>
  </testcase> <!-- Verify_selectIDM1 -->
  <testcase classname="testPages.MenuWebPageTest" name="Verify_selectIDM2" time="0.0">
    <ignored/>
  </testcase> <!-- Verify_selectIDM2 -->
  <testcase classname="testPages.MenuWebPageTest" name="Verify_clickOnItemMod" time="0.0">
    <ignored/>
  </testcase> <!-- Verify_clickOnItemMod -->
  <testcase classname="testPages.OrderTypePageTest" name="Verify_Browse" time="0.0">
    <ignored/>
  </testcase> <!-- Verify_Browse -->
  <testcase classname="testPages.MenuWebPageTest" name="Verify_clickOnAddCart" time="0.0">
    <ignored/>
  </testcase> <!-- Verify_clickOnAddCart -->
  <testcase classname="testPages.OrderTypePageTest" name="radioButton_selectNo" time="0.0">
    <ignored/>
  </testcase> <!-- radioButton_selectNo -->
  <testcase classname="testPages.OrderTypePageTest" name="verifty_clickOnDelivery" time="0.0">
    <ignored/>
  </testcase> <!-- verifty_clickOnDelivery -->
  <testcase classname="testPages.MenuWebPageTest" name="verify_clickOnAddCart" time="0.0">
    <ignored/>
  </testcase> <!-- verify_clickOnAddCart -->
  <testcase classname="testPages.MenuWebPageTest" name="verify_CheckOutAmount" time="0.0">
    <ignored/>
  </testcase> <!-- verify_CheckOutAmount -->
</testsuite> <!-- WebOrders -->
