<!DOCTYPE html PUBLIC "-//W3C//DTD XHTML 1.1//EN" "http://www.w3.org/TR/xhtml11/DTD/xhtml11.dtd">
<html xmlns="http://www.w3.org/1999/xhtml">
<head>
<meta http-equiv="content-type" content="text/html; charset=UTF-8"/>
<title>TestNG Report</title>
<style type="text/css">table {margin-bottom:10px;border-collapse:collapse;empty-cells:show}th,td {border:1px solid #009;padding:.25em .5em}th {vertical-align:bottom}td {vertical-align:top}table a {font-weight:bold}.stripe td {background-color: #E6EBF9}.num {text-align:right}.passedodd td {background-color: #3F3}.passedeven td {background-color: #0A0}.skippedodd td {background-color: #DDD}.skippedeven td {background-color: #CCC}.failedodd td,.attn {background-color: #F33}.failedeven td,.stripe .attn {background-color: #D00}.stacktrace {white-space:pre;font-family:monospace}.totop {font-size:85%;text-align:center;border-bottom:2px solid #000}.invisible {display:none}</style>
</head>
<body>
<table>
<tr><th>Test</th><th># Passed</th><th># Skipped</th><th># Failed</th><th>Time (ms)</th><th>Included Groups</th><th>Excluded Groups</th></tr>
<tr><th colspan="7">EposWebOrders</th></tr>
<tr><td><a href="#t0">WebOrders</a></td><td class="num">10</td><td class="num">0</td><td class="num attn">3</td><td class="num">41,604</td><td>Screen, colNoPro</td><td></td></tr>
</table>
<table id='summary'><thead><tr><th>Class</th><th>Method</th><th>Start</th><th>Time (ms)</th></tr></thead><tbody><tr><th colspan="4">EposWebOrders</th></tr></tbody><tbody id="t0"><tr><th colspan="4">WebOrders &#8212; failed</th></tr><tr class="failedeven"><td rowspan="3">testPages.MenuWebPageTest</td><td><a href="#m0">Verify_clickOnFoodMenu</a></td><td rowspan="1">1616765548287</td><td rowspan="1">6089</td></tr><tr class="failedeven"><td><a href="#m1">Verify_clickonFoodCat_DrinksItems_cat</a></td><td rowspan="1">1616765564645</td><td rowspan="1">30</td></tr><tr class="failedeven"><td><a href="#m2">Verify_clickonFoodCat_Pizza_cat</a></td><td rowspan="1">1616765574933</td><td rowspan="1">27</td></tr><tr><th colspan="4">WebOrders &#8212; passed</th></tr><tr class="passedeven"><td rowspan="8">testPages.MenuWebPageTest</td><td><a href="#m3">Verify_clickonDrinkMenu</a></td><td rowspan="1">1616765559550</td><td rowspan="1">5092</td></tr><tr class="passedeven"><td><a href="#m4">Verify_clickonFoodCat_ItemMod</a></td><td rowspan="1">1616765559462</td><td rowspan="1">32</td></tr><tr class="passedeven"><td><a href="#m5">Verify_clickonFoodCat_ItemsMultiprice_cat</a></td><td rowspan="1">1616765559529</td><td rowspan="1">20</td></tr><tr class="passedeven"><td><a href="#m6">Verify_clickonFoodCat_Items_cat</a></td><td rowspan="1">1616765559497</td><td rowspan="1">30</td></tr><tr class="passedeven"><td><a href="#m7">Verify_clickonFoodCat_MealDeals_cat</a></td><td rowspan="1">1616765569769</td><td rowspan="1">27</td></tr><tr class="passedeven"><td><a href="#m8">Verify_clickonFoodCat_MixMatch_cat</a></td><td rowspan="1">1616765569798</td><td rowspan="1">35</td></tr><tr class="passedeven"><td><a href="#m9">Verify_clickonMealsMenu</a></td><td rowspan="1">1616765564679</td><td rowspan="1">5087</td></tr><tr class="passedeven"><td><a href="#m10">Verify_clickonPizzaMenu</a></td><td rowspan="1">1616765569835</td><td rowspan="1">5093</td></tr><tr class="passedodd"><td rowspan="2">testPages.OrderTypePageTest</td><td><a href="#m11">Verify_clickOnCollections</a></td><td rowspan="1">1616765547557</td><td rowspan="1">708</td></tr><tr class="passedodd"><td><a href="#m12">verify_Proceed</a></td><td rowspan="1">1616765554381</td><td rowspan="1">5079</td></tr></tbody>
</table>
<h2>WebOrders</h2><h3 id="m0">testPages.MenuWebPageTest#Verify_clickOnFoodMenu</h3><table class="result"><tr><th>Exception</th></tr><tr><td><div class="stacktrace">org.openqa.selenium.ElementClickInterceptedException: element click intercepted: Element &lt;small&gt;...&lt;/small&gt; is not clickable at point (138, 126). Other element would receive the click: &lt;div class=&quot;modal fade in&quot; id=&quot;service_popup&quot; role=&quot;dialog&quot; style=&quot;display: block;&quot;&gt;...&lt;/div&gt;
  (Session info: chrome=89.0.4389.90)
Build info: version: &apos;3.14.0&apos;, revision: &apos;aacccce0&apos;, time: &apos;2018-08-02T20:19:58.91Z&apos;
System info: host: &apos;VENKATESH&apos;, ip: &apos;192.168.0.133&apos;, os.name: &apos;Windows 8.1&apos;, os.arch: &apos;amd64&apos;, os.version: &apos;6.3&apos;, java.version: &apos;15.0.1&apos;
Driver info: org.openqa.selenium.chrome.ChromeDriver
Capabilities {acceptInsecureCerts: false, browserName: chrome, browserVersion: 89.0.4389.90, chrome: {chromedriverVersion: 88.0.4324.96 (68dba2d8a0b14..., userDataDir: C:\Users\VENKAT~1\AppData\L...}, goog:chromeOptions: {debuggerAddress: localhost:54501}, javascriptEnabled: true, networkConnectionEnabled: false, pageLoadStrategy: normal, platform: WINDOWS, platformName: WINDOWS, proxy: Proxy(), setWindowRect: true, strictFileInteractability: false, timeouts: {implicit: 0, pageLoad: 300000, script: 30000}, unhandledPromptBehavior: dismiss and notify, webauthn:extension:largeBlob: true, webauthn:virtualAuthenticators: true}
Session ID: a94c376296c7aa5381b6b0f4b863b8dd
	at org.openqa.selenium.remote.http.W3CHttpResponseCodec.createException(W3CHttpResponseCodec.java:187)
	at org.openqa.selenium.remote.http.W3CHttpResponseCodec.decode(W3CHttpResponseCodec.java:122)
	at org.openqa.selenium.remote.http.W3CHttpResponseCodec.decode(W3CHttpResponseCodec.java:49)
	at org.openqa.selenium.remote.HttpCommandExecutor.execute(HttpCommandExecutor.java:158)
	at org.openqa.selenium.remote.service.DriverCommandExecutor.execute(DriverCommandExecutor.java:83)
	at org.openqa.selenium.remote.RemoteWebDriver.execute(RemoteWebDriver.java:548)
	at org.openqa.selenium.remote.RemoteWebElement.execute(RemoteWebElement.java:276)
	at org.openqa.selenium.remote.RemoteWebElement.click(RemoteWebElement.java:83)
	at pages.MenuWebPage.clickOnFoodMenu(MenuWebPage.java:49)
	at testPages.MenuWebPageTest.Verify_clickOnFoodMenu(MenuWebPageTest.java:48)
... Removed 30 stack frames</div></td></tr></table><p class="totop"><a href="#summary">back to summary</a></p>
<h3 id="m1">testPages.MenuWebPageTest#Verify_clickonFoodCat_DrinksItems_cat</h3><table class="result"><tr><th>Exception</th></tr><tr><td><div class="stacktrace">org.openqa.selenium.InvalidSelectorException: invalid selector: Unable to locate an element with the xpath expression //small[contains(.,&apos;Items&apos;)])[3] because of the following error:
SyntaxError: Failed to execute &apos;evaluate&apos; on &apos;Document&apos;: The string &apos;//small[contains(.,&apos;Items&apos;)])[3]&apos; is not a valid XPath expression.
  (Session info: chrome=89.0.4389.90)
For documentation on this error, please visit: http://seleniumhq.org/exceptions/invalid_selector_exception.html
Build info: version: &apos;3.14.0&apos;, revision: &apos;aacccce0&apos;, time: &apos;2018-08-02T20:19:58.91Z&apos;
System info: host: &apos;VENKATESH&apos;, ip: &apos;192.168.0.133&apos;, os.name: &apos;Windows 8.1&apos;, os.arch: &apos;amd64&apos;, os.version: &apos;6.3&apos;, java.version: &apos;15.0.1&apos;
Driver info: org.openqa.selenium.chrome.ChromeDriver
Capabilities {acceptInsecureCerts: false, browserName: chrome, browserVersion: 89.0.4389.90, chrome: {chromedriverVersion: 88.0.4324.96 (68dba2d8a0b14..., userDataDir: C:\Users\VENKAT~1\AppData\L...}, goog:chromeOptions: {debuggerAddress: localhost:54501}, javascriptEnabled: true, networkConnectionEnabled: false, pageLoadStrategy: normal, platform: WINDOWS, platformName: WINDOWS, proxy: Proxy(), setWindowRect: true, strictFileInteractability: false, timeouts: {implicit: 0, pageLoad: 300000, script: 30000}, unhandledPromptBehavior: dismiss and notify, webauthn:extension:largeBlob: true, webauthn:virtualAuthenticators: true}
Session ID: a94c376296c7aa5381b6b0f4b863b8dd
*** Element info: {Using=xpath, value=//small[contains(.,&apos;Items&apos;)])[3]}
	at org.openqa.selenium.remote.http.W3CHttpResponseCodec.createException(W3CHttpResponseCodec.java:187)
	at org.openqa.selenium.remote.http.W3CHttpResponseCodec.decode(W3CHttpResponseCodec.java:122)
	at org.openqa.selenium.remote.http.W3CHttpResponseCodec.decode(W3CHttpResponseCodec.java:49)
	at org.openqa.selenium.remote.HttpCommandExecutor.execute(HttpCommandExecutor.java:158)
	at org.openqa.selenium.remote.service.DriverCommandExecutor.execute(DriverCommandExecutor.java:83)
	at org.openqa.selenium.remote.RemoteWebDriver.execute(RemoteWebDriver.java:548)
	at org.openqa.selenium.remote.RemoteWebDriver.findElement(RemoteWebDriver.java:322)
	at org.openqa.selenium.remote.RemoteWebDriver.findElementByXPath(RemoteWebDriver.java:424)
	at org.openqa.selenium.By$ByXPath.findElement(By.java:353)
	at org.openqa.selenium.remote.RemoteWebDriver.findElement(RemoteWebDriver.java:314)
	at pages.MenuWebPage.clickOnDrinksCat_DrinksItems_cat(MenuWebPage.java:116)
	at testPages.MenuWebPageTest.Verify_clickonFoodCat_DrinksItems_cat(MenuWebPageTest.java:104)
... Removed 30 stack frames</div></td></tr></table><p class="totop"><a href="#summary">back to summary</a></p>
<h3 id="m2">testPages.MenuWebPageTest#Verify_clickonFoodCat_Pizza_cat</h3><table class="result"><tr><th>Exception</th></tr><tr><td><div class="stacktrace">org.openqa.selenium.InvalidSelectorException: invalid selector: Unable to locate an element with the xpath expression //small[contains(.,&apos;Pizza&apos;)])[2] because of the following error:
SyntaxError: Failed to execute &apos;evaluate&apos; on &apos;Document&apos;: The string &apos;//small[contains(.,&apos;Pizza&apos;)])[2]&apos; is not a valid XPath expression.
  (Session info: chrome=89.0.4389.90)
For documentation on this error, please visit: http://seleniumhq.org/exceptions/invalid_selector_exception.html
Build info: version: &apos;3.14.0&apos;, revision: &apos;aacccce0&apos;, time: &apos;2018-08-02T20:19:58.91Z&apos;
System info: host: &apos;VENKATESH&apos;, ip: &apos;192.168.0.133&apos;, os.name: &apos;Windows 8.1&apos;, os.arch: &apos;amd64&apos;, os.version: &apos;6.3&apos;, java.version: &apos;15.0.1&apos;
Driver info: org.openqa.selenium.chrome.ChromeDriver
Capabilities {acceptInsecureCerts: false, browserName: chrome, browserVersion: 89.0.4389.90, chrome: {chromedriverVersion: 88.0.4324.96 (68dba2d8a0b14..., userDataDir: C:\Users\VENKAT~1\AppData\L...}, goog:chromeOptions: {debuggerAddress: localhost:54501}, javascriptEnabled: true, networkConnectionEnabled: false, pageLoadStrategy: normal, platform: WINDOWS, platformName: WINDOWS, proxy: Proxy(), setWindowRect: true, strictFileInteractability: false, timeouts: {implicit: 0, pageLoad: 300000, script: 30000}, unhandledPromptBehavior: dismiss and notify, webauthn:extension:largeBlob: true, webauthn:virtualAuthenticators: true}
Session ID: a94c376296c7aa5381b6b0f4b863b8dd
*** Element info: {Using=xpath, value=//small[contains(.,&apos;Pizza&apos;)])[2]}
	at org.openqa.selenium.remote.http.W3CHttpResponseCodec.createException(W3CHttpResponseCodec.java:187)
	at org.openqa.selenium.remote.http.W3CHttpResponseCodec.decode(W3CHttpResponseCodec.java:122)
	at org.openqa.selenium.remote.http.W3CHttpResponseCodec.decode(W3CHttpResponseCodec.java:49)
	at org.openqa.selenium.remote.HttpCommandExecutor.execute(HttpCommandExecutor.java:158)
	at org.openqa.selenium.remote.service.DriverCommandExecutor.execute(DriverCommandExecutor.java:83)
	at org.openqa.selenium.remote.RemoteWebDriver.execute(RemoteWebDriver.java:548)
	at org.openqa.selenium.remote.RemoteWebDriver.findElement(RemoteWebDriver.java:322)
	at org.openqa.selenium.remote.RemoteWebDriver.findElementByXPath(RemoteWebDriver.java:424)
	at org.openqa.selenium.By$ByXPath.findElement(By.java:353)
	at org.openqa.selenium.remote.RemoteWebDriver.findElement(RemoteWebDriver.java:314)
	at pages.MenuWebPage.clickOnPizzaCat_Pizza_cat(MenuWebPage.java:137)
	at testPages.MenuWebPageTest.Verify_clickonFoodCat_Pizza_cat(MenuWebPageTest.java:174)
... Removed 30 stack frames</div></td></tr></table><p class="totop"><a href="#summary">back to summary</a></p>
<h3 id="m3">testPages.MenuWebPageTest#Verify_clickonDrinkMenu</h3><table class="result"><tr><th class="invisible"/></tr></table><p class="totop"><a href="#summary">back to summary</a></p>
<h3 id="m4">testPages.MenuWebPageTest#Verify_clickonFoodCat_ItemMod</h3><table class="result"><tr><th class="invisible"/></tr></table><p class="totop"><a href="#summary">back to summary</a></p>
<h3 id="m5">testPages.MenuWebPageTest#Verify_clickonFoodCat_ItemsMultiprice_cat</h3><table class="result"><tr><th class="invisible"/></tr></table><p class="totop"><a href="#summary">back to summary</a></p>
<h3 id="m6">testPages.MenuWebPageTest#Verify_clickonFoodCat_Items_cat</h3><table class="result"><tr><th class="invisible"/></tr></table><p class="totop"><a href="#summary">back to summary</a></p>
<h3 id="m7">testPages.MenuWebPageTest#Verify_clickonFoodCat_MealDeals_cat</h3><table class="result"><tr><th class="invisible"/></tr></table><p class="totop"><a href="#summary">back to summary</a></p>
<h3 id="m8">testPages.MenuWebPageTest#Verify_clickonFoodCat_MixMatch_cat</h3><table class="result"><tr><th class="invisible"/></tr></table><p class="totop"><a href="#summary">back to summary</a></p>
<h3 id="m9">testPages.MenuWebPageTest#Verify_clickonMealsMenu</h3><table class="result"><tr><th class="invisible"/></tr></table><p class="totop"><a href="#summary">back to summary</a></p>
<h3 id="m10">testPages.MenuWebPageTest#Verify_clickonPizzaMenu</h3><table class="result"><tr><th class="invisible"/></tr></table><p class="totop"><a href="#summary">back to summary</a></p>
<h3 id="m11">testPages.OrderTypePageTest#Verify_clickOnCollections</h3><table class="result"><tr><th class="invisible"/></tr></table><p class="totop"><a href="#summary">back to summary</a></p>
<h3 id="m12">testPages.OrderTypePageTest#verify_Proceed</h3><table class="result"><tr><th class="invisible"/></tr></table><p class="totop"><a href="#summary">back to summary</a></p>
</body>
</html>
