<?xml version="1.0" encoding="UTF-8"?>
<testng-results ignored="9" total="22" passed="10" failed="3" skipped="0">
  <reporter-output>
  </reporter-output>
  <suite started-at="2021-03-26T13:32:13Z" name="EposWebOrders" finished-at="2021-03-26T13:32:54Z" duration-ms="41604">
    <groups>
      <group name="Screen">
        <method signature="MenuWebPageTest.Verify_clickOnFoodMenu()[pri:1, instance:testPages.MenuWebPageTest@3697186]" name="Verify_clickOnFoodMenu" class="testPages.MenuWebPageTest"/>
        <method signature="MenuWebPageTest.Verify_clickonDrinkMenu()[pri:5, instance:testPages.MenuWebPageTest@3697186]" name="Verify_clickonDrinkMenu" class="testPages.MenuWebPageTest"/>
        <method signature="MenuWebPageTest.Verify_clickonFoodCat_DrinksItems_cat()[pri:6, instance:testPages.MenuWebPageTest@3697186]" name="Verify_clickonFoodCat_DrinksItems_cat" class="testPages.MenuWebPageTest"/>
        <method signature="MenuWebPageTest.Verify_clickonFoodCat_ItemMod()[pri:2, instance:testPages.MenuWebPageTest@3697186]" name="Verify_clickonFoodCat_ItemMod" class="testPages.MenuWebPageTest"/>
        <method signature="MenuWebPageTest.Verify_clickonFoodCat_ItemsMultiprice_cat()[pri:4, instance:testPages.MenuWebPageTest@3697186]" name="Verify_clickonFoodCat_ItemsMultiprice_cat" class="testPages.MenuWebPageTest"/>
        <method signature="MenuWebPageTest.Verify_clickonFoodCat_Items_cat()[pri:3, instance:testPages.MenuWebPageTest@3697186]" name="Verify_clickonFoodCat_Items_cat" class="testPages.MenuWebPageTest"/>
        <method signature="MenuWebPageTest.Verify_clickonFoodCat_MealDeals_cat()[pri:8, instance:testPages.MenuWebPageTest@3697186]" name="Verify_clickonFoodCat_MealDeals_cat" class="testPages.MenuWebPageTest"/>
        <method signature="MenuWebPageTest.Verify_clickonFoodCat_MixMatch_cat()[pri:9, instance:testPages.MenuWebPageTest@3697186]" name="Verify_clickonFoodCat_MixMatch_cat" class="testPages.MenuWebPageTest"/>
        <method signature="MenuWebPageTest.Verify_clickonFoodCat_Pizza_cat()[pri:11, instance:testPages.MenuWebPageTest@3697186]" name="Verify_clickonFoodCat_Pizza_cat" class="testPages.MenuWebPageTest"/>
        <method signature="MenuWebPageTest.Verify_clickonMealsMenu()[pri:7, instance:testPages.MenuWebPageTest@3697186]" name="Verify_clickonMealsMenu" class="testPages.MenuWebPageTest"/>
        <method signature="MenuWebPageTest.Verify_clickonPizzaMenu()[pri:10, instance:testPages.MenuWebPageTest@3697186]" name="Verify_clickonPizzaMenu" class="testPages.MenuWebPageTest"/>
      </group> <!-- Screen -->
      <group name="colNoPro">
        <method signature="OrderTypePageTest.Verify_clickOnCollections()[pri:1, instance:testPages.OrderTypePageTest@36cda2c2]" name="Verify_clickOnCollections" class="testPages.OrderTypePageTest"/>
        <method signature="OrderTypePageTest.verify_Proceed()[pri:2, instance:testPages.OrderTypePageTest@36cda2c2]" name="verify_Proceed" class="testPages.OrderTypePageTest"/>
      </group> <!-- colNoPro -->
      <group name="Food">
        <method signature="MenuWebPageTest.Verify_clickOnFoodMenu()[pri:1, instance:testPages.MenuWebPageTest@3697186]" name="Verify_clickOnFoodMenu" class="testPages.MenuWebPageTest"/>
        <method signature="MenuWebPageTest.Verify_clickonDrinkMenu()[pri:5, instance:testPages.MenuWebPageTest@3697186]" name="Verify_clickonDrinkMenu" class="testPages.MenuWebPageTest"/>
        <method signature="MenuWebPageTest.Verify_clickonFoodCat_DrinksItems_cat()[pri:6, instance:testPages.MenuWebPageTest@3697186]" name="Verify_clickonFoodCat_DrinksItems_cat" class="testPages.MenuWebPageTest"/>
        <method signature="MenuWebPageTest.Verify_clickonFoodCat_ItemMod()[pri:2, instance:testPages.MenuWebPageTest@3697186]" name="Verify_clickonFoodCat_ItemMod" class="testPages.MenuWebPageTest"/>
        <method signature="MenuWebPageTest.Verify_clickonFoodCat_ItemsMultiprice_cat()[pri:4, instance:testPages.MenuWebPageTest@3697186]" name="Verify_clickonFoodCat_ItemsMultiprice_cat" class="testPages.MenuWebPageTest"/>
        <method signature="MenuWebPageTest.Verify_clickonFoodCat_Items_cat()[pri:3, instance:testPages.MenuWebPageTest@3697186]" name="Verify_clickonFoodCat_Items_cat" class="testPages.MenuWebPageTest"/>
        <method signature="MenuWebPageTest.Verify_clickonFoodCat_MealDeals_cat()[pri:8, instance:testPages.MenuWebPageTest@3697186]" name="Verify_clickonFoodCat_MealDeals_cat" class="testPages.MenuWebPageTest"/>
        <method signature="MenuWebPageTest.Verify_clickonFoodCat_MixMatch_cat()[pri:9, instance:testPages.MenuWebPageTest@3697186]" name="Verify_clickonFoodCat_MixMatch_cat" class="testPages.MenuWebPageTest"/>
        <method signature="MenuWebPageTest.Verify_clickonFoodCat_Pizza_cat()[pri:11, instance:testPages.MenuWebPageTest@3697186]" name="Verify_clickonFoodCat_Pizza_cat" class="testPages.MenuWebPageTest"/>
        <method signature="MenuWebPageTest.Verify_clickonMealsMenu()[pri:7, instance:testPages.MenuWebPageTest@3697186]" name="Verify_clickonMealsMenu" class="testPages.MenuWebPageTest"/>
        <method signature="MenuWebPageTest.Verify_clickonPizzaMenu()[pri:10, instance:testPages.MenuWebPageTest@3697186]" name="Verify_clickonPizzaMenu" class="testPages.MenuWebPageTest"/>
      </group> <!-- Food -->
    </groups>
    <test started-at="2021-03-26T13:32:13Z" name="WebOrders" finished-at="2021-03-26T13:32:54Z" duration-ms="41604">
      <class name="testPages.OrderTypePageTest">
        <test-method is-config="true" signature="beforeClass()[pri:0, instance:testPages.OrderTypePageTest@36cda2c2]" started-at="2021-03-26T13:32:13Z" name="beforeClass" finished-at="2021-03-26T13:32:27Z" duration-ms="13851" status="PASS">
          <reporter-output>
          </reporter-output>
        </test-method> <!-- beforeClass -->
        <test-method signature="Verify_clickOnCollections()[pri:1, instance:testPages.OrderTypePageTest@36cda2c2]" started-at="2021-03-26T13:32:27Z" name="Verify_clickOnCollections" finished-at="2021-03-26T13:32:28Z" duration-ms="708" status="PASS">
          <reporter-output>
          </reporter-output>
        </test-method> <!-- Verify_clickOnCollections -->
        <test-method signature="verify_Proceed()[pri:2, instance:testPages.OrderTypePageTest@36cda2c2]" started-at="2021-03-26T13:32:34Z" name="verify_Proceed" finished-at="2021-03-26T13:32:39Z" duration-ms="5079" status="PASS">
          <reporter-output>
          </reporter-output>
        </test-method> <!-- verify_Proceed -->
      </class> <!-- testPages.OrderTypePageTest -->
      <class name="testPages.MenuWebPageTest">
        <test-method is-config="true" signature="initilizeBrowser()[pri:0, instance:testPages.MenuWebPageTest@3697186]" started-at="2021-03-26T13:32:28Z" name="initilizeBrowser" finished-at="2021-03-26T13:32:28Z" duration-ms="2" status="PASS">
          <reporter-output>
          </reporter-output>
        </test-method> <!-- initilizeBrowser -->
        <test-method signature="Verify_clickOnFoodMenu()[pri:1, instance:testPages.MenuWebPageTest@3697186]" started-at="2021-03-26T13:32:28Z" name="Verify_clickOnFoodMenu" finished-at="2021-03-26T13:32:34Z" duration-ms="6089" status="FAIL">
          <exception class="org.openqa.selenium.ElementClickInterceptedException">
            <message>
              <![CDATA[element click intercepted: Element <small>...</small> is not clickable at point (138, 126). Other element would receive the click: <div class="modal fade in" id="service_popup" role="dialog" style="display: block;">...</div>
  (Session info: chrome=89.0.4389.90)
Build info: version: '3.14.0', revision: 'aacccce0', time: '2018-08-02T20:19:58.91Z'
System info: host: 'VENKATESH', ip: '192.168.0.133', os.name: 'Windows 8.1', os.arch: 'amd64', os.version: '6.3', java.version: '15.0.1'
Driver info: org.openqa.selenium.chrome.ChromeDriver
Capabilities {acceptInsecureCerts: false, browserName: chrome, browserVersion: 89.0.4389.90, chrome: {chromedriverVersion: 88.0.4324.96 (68dba2d8a0b14..., userDataDir: C:\Users\VENKAT~1\AppData\L...}, goog:chromeOptions: {debuggerAddress: localhost:54501}, javascriptEnabled: true, networkConnectionEnabled: false, pageLoadStrategy: normal, platform: WINDOWS, platformName: WINDOWS, proxy: Proxy(), setWindowRect: true, strictFileInteractability: false, timeouts: {implicit: 0, pageLoad: 300000, script: 30000}, unhandledPromptBehavior: dismiss and notify, webauthn:extension:largeBlob: true, webauthn:virtualAuthenticators: true}
Session ID: a94c376296c7aa5381b6b0f4b863b8dd]]>
            </message>
            <full-stacktrace>
              <![CDATA[org.openqa.selenium.ElementClickInterceptedException: element click intercepted: Element <small>...</small> is not clickable at point (138, 126). Other element would receive the click: <div class="modal fade in" id="service_popup" role="dialog" style="display: block;">...</div>
  (Session info: chrome=89.0.4389.90)
Build info: version: '3.14.0', revision: 'aacccce0', time: '2018-08-02T20:19:58.91Z'
System info: host: 'VENKATESH', ip: '192.168.0.133', os.name: 'Windows 8.1', os.arch: 'amd64', os.version: '6.3', java.version: '15.0.1'
Driver info: org.openqa.selenium.chrome.ChromeDriver
Capabilities {acceptInsecureCerts: false, browserName: chrome, browserVersion: 89.0.4389.90, chrome: {chromedriverVersion: 88.0.4324.96 (68dba2d8a0b14..., userDataDir: C:\Users\VENKAT~1\AppData\L...}, goog:chromeOptions: {debuggerAddress: localhost:54501}, javascriptEnabled: true, networkConnectionEnabled: false, pageLoadStrategy: normal, platform: WINDOWS, platformName: WINDOWS, proxy: Proxy(), setWindowRect: true, strictFileInteractability: false, timeouts: {implicit: 0, pageLoad: 300000, script: 30000}, unhandledPromptBehavior: dismiss and notify, webauthn:extension:largeBlob: true, webauthn:virtualAuthenticators: true}
Session ID: a94c376296c7aa5381b6b0f4b863b8dd
at java.base/jdk.internal.reflect.NativeConstructorAccessorImpl.newInstance0(Native Method)
at java.base/jdk.internal.reflect.NativeConstructorAccessorImpl.newInstance(NativeConstructorAccessorImpl.java:64)
at java.base/jdk.internal.reflect.DelegatingConstructorAccessorImpl.newInstance(DelegatingConstructorAccessorImpl.java:45)
at java.base/java.lang.reflect.Constructor.newInstanceWithCaller(Constructor.java:500)
at java.base/java.lang.reflect.Constructor.newInstance(Constructor.java:481)
at org.openqa.selenium.remote.http.W3CHttpResponseCodec.createException(W3CHttpResponseCodec.java:187)
at org.openqa.selenium.remote.http.W3CHttpResponseCodec.decode(W3CHttpResponseCodec.java:122)
at org.openqa.selenium.remote.http.W3CHttpResponseCodec.decode(W3CHttpResponseCodec.java:49)
at org.openqa.selenium.remote.HttpCommandExecutor.execute(HttpCommandExecutor.java:158)
at org.openqa.selenium.remote.service.DriverCommandExecutor.execute(DriverCommandExecutor.java:83)
at org.openqa.selenium.remote.RemoteWebDriver.execute(RemoteWebDriver.java:548)
at org.openqa.selenium.remote.RemoteWebElement.execute(RemoteWebElement.java:276)
at org.openqa.selenium.remote.RemoteWebElement.click(RemoteWebElement.java:83)
at pages.MenuWebPage.clickOnFoodMenu(MenuWebPage.java:49)
at testPages.MenuWebPageTest.Verify_clickOnFoodMenu(MenuWebPageTest.java:48)
at java.base/jdk.internal.reflect.NativeMethodAccessorImpl.invoke0(Native Method)
at java.base/jdk.internal.reflect.NativeMethodAccessorImpl.invoke(NativeMethodAccessorImpl.java:64)
at java.base/jdk.internal.reflect.DelegatingMethodAccessorImpl.invoke(DelegatingMethodAccessorImpl.java:43)
at java.base/java.lang.reflect.Method.invoke(Method.java:564)
at org.testng.internal.MethodInvocationHelper.invokeMethod(MethodInvocationHelper.java:124)
at org.testng.internal.Invoker.invokeMethod(Invoker.java:583)
at org.testng.internal.Invoker.invokeTestMethod(Invoker.java:719)
at org.testng.internal.Invoker.invokeTestMethods(Invoker.java:989)
at org.testng.internal.TestMethodWorker.invokeTestMethods(TestMethodWorker.java:125)
at org.testng.internal.TestMethodWorker.run(TestMethodWorker.java:109)
at org.testng.TestRunner.privateRun(TestRunner.java:648)
at org.testng.TestRunner.run(TestRunner.java:505)
at org.testng.SuiteRunner.runTest(SuiteRunner.java:455)
at org.testng.SuiteRunner.runSequentially(SuiteRunner.java:450)
at org.testng.SuiteRunner.privateRun(SuiteRunner.java:415)
at org.testng.SuiteRunner.run(SuiteRunner.java:364)
at org.testng.SuiteRunnerWorker.runSuite(SuiteRunnerWorker.java:52)
at org.testng.SuiteRunnerWorker.run(SuiteRunnerWorker.java:84)
at org.testng.TestNG.runSuitesSequentially(TestNG.java:1208)
at org.testng.TestNG.runSuitesLocally(TestNG.java:1137)
at org.testng.TestNG.runSuites(TestNG.java:1049)
at org.testng.TestNG.run(TestNG.java:1017)
at org.testng.remote.AbstractRemoteTestNG.run(AbstractRemoteTestNG.java:115)
at org.testng.remote.RemoteTestNG.initAndRun(RemoteTestNG.java:251)
at org.testng.remote.RemoteTestNG.main(RemoteTestNG.java:77)
]]>
            </full-stacktrace>
          </exception> <!-- org.openqa.selenium.ElementClickInterceptedException -->
          <reporter-output>
          </reporter-output>
        </test-method> <!-- Verify_clickOnFoodMenu -->
        <test-method signature="Verify_clickonFoodCat_ItemMod()[pri:2, instance:testPages.MenuWebPageTest@3697186]" started-at="2021-03-26T13:32:39Z" name="Verify_clickonFoodCat_ItemMod" finished-at="2021-03-26T13:32:39Z" duration-ms="32" status="PASS">
          <reporter-output>
          </reporter-output>
        </test-method> <!-- Verify_clickonFoodCat_ItemMod -->
        <test-method signature="Verify_clickonFoodCat_Items_cat()[pri:3, instance:testPages.MenuWebPageTest@3697186]" started-at="2021-03-26T13:32:39Z" name="Verify_clickonFoodCat_Items_cat" finished-at="2021-03-26T13:32:39Z" duration-ms="30" status="PASS">
          <reporter-output>
          </reporter-output>
        </test-method> <!-- Verify_clickonFoodCat_Items_cat -->
        <test-method signature="Verify_clickonFoodCat_ItemsMultiprice_cat()[pri:4, instance:testPages.MenuWebPageTest@3697186]" started-at="2021-03-26T13:32:39Z" name="Verify_clickonFoodCat_ItemsMultiprice_cat" finished-at="2021-03-26T13:32:39Z" duration-ms="20" status="PASS">
          <reporter-output>
          </reporter-output>
        </test-method> <!-- Verify_clickonFoodCat_ItemsMultiprice_cat -->
        <test-method signature="Verify_clickonDrinkMenu()[pri:5, instance:testPages.MenuWebPageTest@3697186]" started-at="2021-03-26T13:32:39Z" name="Verify_clickonDrinkMenu" finished-at="2021-03-26T13:32:44Z" duration-ms="5092" status="PASS">
          <reporter-output>
          </reporter-output>
        </test-method> <!-- Verify_clickonDrinkMenu -->
        <test-method signature="Verify_clickonFoodCat_DrinksItems_cat()[pri:6, instance:testPages.MenuWebPageTest@3697186]" started-at="2021-03-26T13:32:44Z" name="Verify_clickonFoodCat_DrinksItems_cat" finished-at="2021-03-26T13:32:44Z" duration-ms="30" status="FAIL">
          <exception class="org.openqa.selenium.InvalidSelectorException">
            <message>
              <![CDATA[invalid selector: Unable to locate an element with the xpath expression //small[contains(.,'Items')])[3] because of the following error:
SyntaxError: Failed to execute 'evaluate' on 'Document': The string '//small[contains(.,'Items')])[3]' is not a valid XPath expression.
  (Session info: chrome=89.0.4389.90)
For documentation on this error, please visit: http://seleniumhq.org/exceptions/invalid_selector_exception.html
Build info: version: '3.14.0', revision: 'aacccce0', time: '2018-08-02T20:19:58.91Z'
System info: host: 'VENKATESH', ip: '192.168.0.133', os.name: 'Windows 8.1', os.arch: 'amd64', os.version: '6.3', java.version: '15.0.1'
Driver info: org.openqa.selenium.chrome.ChromeDriver
Capabilities {acceptInsecureCerts: false, browserName: chrome, browserVersion: 89.0.4389.90, chrome: {chromedriverVersion: 88.0.4324.96 (68dba2d8a0b14..., userDataDir: C:\Users\VENKAT~1\AppData\L...}, goog:chromeOptions: {debuggerAddress: localhost:54501}, javascriptEnabled: true, networkConnectionEnabled: false, pageLoadStrategy: normal, platform: WINDOWS, platformName: WINDOWS, proxy: Proxy(), setWindowRect: true, strictFileInteractability: false, timeouts: {implicit: 0, pageLoad: 300000, script: 30000}, unhandledPromptBehavior: dismiss and notify, webauthn:extension:largeBlob: true, webauthn:virtualAuthenticators: true}
Session ID: a94c376296c7aa5381b6b0f4b863b8dd
*** Element info: {Using=xpath, value=//small[contains(.,'Items')])[3]}]]>
            </message>
            <full-stacktrace>
              <![CDATA[org.openqa.selenium.InvalidSelectorException: invalid selector: Unable to locate an element with the xpath expression //small[contains(.,'Items')])[3] because of the following error:
SyntaxError: Failed to execute 'evaluate' on 'Document': The string '//small[contains(.,'Items')])[3]' is not a valid XPath expression.
  (Session info: chrome=89.0.4389.90)
For documentation on this error, please visit: http://seleniumhq.org/exceptions/invalid_selector_exception.html
Build info: version: '3.14.0', revision: 'aacccce0', time: '2018-08-02T20:19:58.91Z'
System info: host: 'VENKATESH', ip: '192.168.0.133', os.name: 'Windows 8.1', os.arch: 'amd64', os.version: '6.3', java.version: '15.0.1'
Driver info: org.openqa.selenium.chrome.ChromeDriver
Capabilities {acceptInsecureCerts: false, browserName: chrome, browserVersion: 89.0.4389.90, chrome: {chromedriverVersion: 88.0.4324.96 (68dba2d8a0b14..., userDataDir: C:\Users\VENKAT~1\AppData\L...}, goog:chromeOptions: {debuggerAddress: localhost:54501}, javascriptEnabled: true, networkConnectionEnabled: false, pageLoadStrategy: normal, platform: WINDOWS, platformName: WINDOWS, proxy: Proxy(), setWindowRect: true, strictFileInteractability: false, timeouts: {implicit: 0, pageLoad: 300000, script: 30000}, unhandledPromptBehavior: dismiss and notify, webauthn:extension:largeBlob: true, webauthn:virtualAuthenticators: true}
Session ID: a94c376296c7aa5381b6b0f4b863b8dd
*** Element info: {Using=xpath, value=//small[contains(.,'Items')])[3]}
at java.base/jdk.internal.reflect.NativeConstructorAccessorImpl.newInstance0(Native Method)
at java.base/jdk.internal.reflect.NativeConstructorAccessorImpl.newInstance(NativeConstructorAccessorImpl.java:64)
at java.base/jdk.internal.reflect.DelegatingConstructorAccessorImpl.newInstance(DelegatingConstructorAccessorImpl.java:45)
at java.base/java.lang.reflect.Constructor.newInstanceWithCaller(Constructor.java:500)
at java.base/java.lang.reflect.Constructor.newInstance(Constructor.java:481)
at org.openqa.selenium.remote.http.W3CHttpResponseCodec.createException(W3CHttpResponseCodec.java:187)
at org.openqa.selenium.remote.http.W3CHttpResponseCodec.decode(W3CHttpResponseCodec.java:122)
at org.openqa.selenium.remote.http.W3CHttpResponseCodec.decode(W3CHttpResponseCodec.java:49)
at org.openqa.selenium.remote.HttpCommandExecutor.execute(HttpCommandExecutor.java:158)
at org.openqa.selenium.remote.service.DriverCommandExecutor.execute(DriverCommandExecutor.java:83)
at org.openqa.selenium.remote.RemoteWebDriver.execute(RemoteWebDriver.java:548)
at org.openqa.selenium.remote.RemoteWebDriver.findElement(RemoteWebDriver.java:322)
at org.openqa.selenium.remote.RemoteWebDriver.findElementByXPath(RemoteWebDriver.java:424)
at org.openqa.selenium.By$ByXPath.findElement(By.java:353)
at org.openqa.selenium.remote.RemoteWebDriver.findElement(RemoteWebDriver.java:314)
at pages.MenuWebPage.clickOnDrinksCat_DrinksItems_cat(MenuWebPage.java:116)
at testPages.MenuWebPageTest.Verify_clickonFoodCat_DrinksItems_cat(MenuWebPageTest.java:104)
at java.base/jdk.internal.reflect.NativeMethodAccessorImpl.invoke0(Native Method)
at java.base/jdk.internal.reflect.NativeMethodAccessorImpl.invoke(NativeMethodAccessorImpl.java:64)
at java.base/jdk.internal.reflect.DelegatingMethodAccessorImpl.invoke(DelegatingMethodAccessorImpl.java:43)
at java.base/java.lang.reflect.Method.invoke(Method.java:564)
at org.testng.internal.MethodInvocationHelper.invokeMethod(MethodInvocationHelper.java:124)
at org.testng.internal.Invoker.invokeMethod(Invoker.java:583)
at org.testng.internal.Invoker.invokeTestMethod(Invoker.java:719)
at org.testng.internal.Invoker.invokeTestMethods(Invoker.java:989)
at org.testng.internal.TestMethodWorker.invokeTestMethods(TestMethodWorker.java:125)
at org.testng.internal.TestMethodWorker.run(TestMethodWorker.java:109)
at org.testng.TestRunner.privateRun(TestRunner.java:648)
at org.testng.TestRunner.run(TestRunner.java:505)
at org.testng.SuiteRunner.runTest(SuiteRunner.java:455)
at org.testng.SuiteRunner.runSequentially(SuiteRunner.java:450)
at org.testng.SuiteRunner.privateRun(SuiteRunner.java:415)
at org.testng.SuiteRunner.run(SuiteRunner.java:364)
at org.testng.SuiteRunnerWorker.runSuite(SuiteRunnerWorker.java:52)
at org.testng.SuiteRunnerWorker.run(SuiteRunnerWorker.java:84)
at org.testng.TestNG.runSuitesSequentially(TestNG.java:1208)
at org.testng.TestNG.runSuitesLocally(TestNG.java:1137)
at org.testng.TestNG.runSuites(TestNG.java:1049)
at org.testng.TestNG.run(TestNG.java:1017)
at org.testng.remote.AbstractRemoteTestNG.run(AbstractRemoteTestNG.java:115)
at org.testng.remote.RemoteTestNG.initAndRun(RemoteTestNG.java:251)
at org.testng.remote.RemoteTestNG.main(RemoteTestNG.java:77)
]]>
            </full-stacktrace>
          </exception> <!-- org.openqa.selenium.InvalidSelectorException -->
          <reporter-output>
          </reporter-output>
        </test-method> <!-- Verify_clickonFoodCat_DrinksItems_cat -->
        <test-method signature="Verify_clickonMealsMenu()[pri:7, instance:testPages.MenuWebPageTest@3697186]" started-at="2021-03-26T13:32:44Z" name="Verify_clickonMealsMenu" finished-at="2021-03-26T13:32:49Z" duration-ms="5087" status="PASS">
          <reporter-output>
          </reporter-output>
        </test-method> <!-- Verify_clickonMealsMenu -->
        <test-method signature="Verify_clickonFoodCat_MealDeals_cat()[pri:8, instance:testPages.MenuWebPageTest@3697186]" started-at="2021-03-26T13:32:49Z" name="Verify_clickonFoodCat_MealDeals_cat" finished-at="2021-03-26T13:32:49Z" duration-ms="27" status="PASS">
          <reporter-output>
          </reporter-output>
        </test-method> <!-- Verify_clickonFoodCat_MealDeals_cat -->
        <test-method signature="Verify_clickonFoodCat_MixMatch_cat()[pri:9, instance:testPages.MenuWebPageTest@3697186]" started-at="2021-03-26T13:32:49Z" name="Verify_clickonFoodCat_MixMatch_cat" finished-at="2021-03-26T13:32:49Z" duration-ms="35" status="PASS">
          <reporter-output>
          </reporter-output>
        </test-method> <!-- Verify_clickonFoodCat_MixMatch_cat -->
        <test-method signature="Verify_clickonPizzaMenu()[pri:10, instance:testPages.MenuWebPageTest@3697186]" started-at="2021-03-26T13:32:49Z" name="Verify_clickonPizzaMenu" finished-at="2021-03-26T13:32:54Z" duration-ms="5093" status="PASS">
          <reporter-output>
          </reporter-output>
        </test-method> <!-- Verify_clickonPizzaMenu -->
        <test-method signature="Verify_clickonFoodCat_Pizza_cat()[pri:11, instance:testPages.MenuWebPageTest@3697186]" started-at="2021-03-26T13:32:54Z" name="Verify_clickonFoodCat_Pizza_cat" finished-at="2021-03-26T13:32:54Z" duration-ms="27" status="FAIL">
          <exception class="org.openqa.selenium.InvalidSelectorException">
            <message>
              <![CDATA[invalid selector: Unable to locate an element with the xpath expression //small[contains(.,'Pizza')])[2] because of the following error:
SyntaxError: Failed to execute 'evaluate' on 'Document': The string '//small[contains(.,'Pizza')])[2]' is not a valid XPath expression.
  (Session info: chrome=89.0.4389.90)
For documentation on this error, please visit: http://seleniumhq.org/exceptions/invalid_selector_exception.html
Build info: version: '3.14.0', revision: 'aacccce0', time: '2018-08-02T20:19:58.91Z'
System info: host: 'VENKATESH', ip: '192.168.0.133', os.name: 'Windows 8.1', os.arch: 'amd64', os.version: '6.3', java.version: '15.0.1'
Driver info: org.openqa.selenium.chrome.ChromeDriver
Capabilities {acceptInsecureCerts: false, browserName: chrome, browserVersion: 89.0.4389.90, chrome: {chromedriverVersion: 88.0.4324.96 (68dba2d8a0b14..., userDataDir: C:\Users\VENKAT~1\AppData\L...}, goog:chromeOptions: {debuggerAddress: localhost:54501}, javascriptEnabled: true, networkConnectionEnabled: false, pageLoadStrategy: normal, platform: WINDOWS, platformName: WINDOWS, proxy: Proxy(), setWindowRect: true, strictFileInteractability: false, timeouts: {implicit: 0, pageLoad: 300000, script: 30000}, unhandledPromptBehavior: dismiss and notify, webauthn:extension:largeBlob: true, webauthn:virtualAuthenticators: true}
Session ID: a94c376296c7aa5381b6b0f4b863b8dd
*** Element info: {Using=xpath, value=//small[contains(.,'Pizza')])[2]}]]>
            </message>
            <full-stacktrace>
              <![CDATA[org.openqa.selenium.InvalidSelectorException: invalid selector: Unable to locate an element with the xpath expression //small[contains(.,'Pizza')])[2] because of the following error:
SyntaxError: Failed to execute 'evaluate' on 'Document': The string '//small[contains(.,'Pizza')])[2]' is not a valid XPath expression.
  (Session info: chrome=89.0.4389.90)
For documentation on this error, please visit: http://seleniumhq.org/exceptions/invalid_selector_exception.html
Build info: version: '3.14.0', revision: 'aacccce0', time: '2018-08-02T20:19:58.91Z'
System info: host: 'VENKATESH', ip: '192.168.0.133', os.name: 'Windows 8.1', os.arch: 'amd64', os.version: '6.3', java.version: '15.0.1'
Driver info: org.openqa.selenium.chrome.ChromeDriver
Capabilities {acceptInsecureCerts: false, browserName: chrome, browserVersion: 89.0.4389.90, chrome: {chromedriverVersion: 88.0.4324.96 (68dba2d8a0b14..., userDataDir: C:\Users\VENKAT~1\AppData\L...}, goog:chromeOptions: {debuggerAddress: localhost:54501}, javascriptEnabled: true, networkConnectionEnabled: false, pageLoadStrategy: normal, platform: WINDOWS, platformName: WINDOWS, proxy: Proxy(), setWindowRect: true, strictFileInteractability: false, timeouts: {implicit: 0, pageLoad: 300000, script: 30000}, unhandledPromptBehavior: dismiss and notify, webauthn:extension:largeBlob: true, webauthn:virtualAuthenticators: true}
Session ID: a94c376296c7aa5381b6b0f4b863b8dd
*** Element info: {Using=xpath, value=//small[contains(.,'Pizza')])[2]}
at java.base/jdk.internal.reflect.NativeConstructorAccessorImpl.newInstance0(Native Method)
at java.base/jdk.internal.reflect.NativeConstructorAccessorImpl.newInstance(NativeConstructorAccessorImpl.java:64)
at java.base/jdk.internal.reflect.DelegatingConstructorAccessorImpl.newInstance(DelegatingConstructorAccessorImpl.java:45)
at java.base/java.lang.reflect.Constructor.newInstanceWithCaller(Constructor.java:500)
at java.base/java.lang.reflect.Constructor.newInstance(Constructor.java:481)
at org.openqa.selenium.remote.http.W3CHttpResponseCodec.createException(W3CHttpResponseCodec.java:187)
at org.openqa.selenium.remote.http.W3CHttpResponseCodec.decode(W3CHttpResponseCodec.java:122)
at org.openqa.selenium.remote.http.W3CHttpResponseCodec.decode(W3CHttpResponseCodec.java:49)
at org.openqa.selenium.remote.HttpCommandExecutor.execute(HttpCommandExecutor.java:158)
at org.openqa.selenium.remote.service.DriverCommandExecutor.execute(DriverCommandExecutor.java:83)
at org.openqa.selenium.remote.RemoteWebDriver.execute(RemoteWebDriver.java:548)
at org.openqa.selenium.remote.RemoteWebDriver.findElement(RemoteWebDriver.java:322)
at org.openqa.selenium.remote.RemoteWebDriver.findElementByXPath(RemoteWebDriver.java:424)
at org.openqa.selenium.By$ByXPath.findElement(By.java:353)
at org.openqa.selenium.remote.RemoteWebDriver.findElement(RemoteWebDriver.java:314)
at pages.MenuWebPage.clickOnPizzaCat_Pizza_cat(MenuWebPage.java:137)
at testPages.MenuWebPageTest.Verify_clickonFoodCat_Pizza_cat(MenuWebPageTest.java:174)
at java.base/jdk.internal.reflect.NativeMethodAccessorImpl.invoke0(Native Method)
at java.base/jdk.internal.reflect.NativeMethodAccessorImpl.invoke(NativeMethodAccessorImpl.java:64)
at java.base/jdk.internal.reflect.DelegatingMethodAccessorImpl.invoke(DelegatingMethodAccessorImpl.java:43)
at java.base/java.lang.reflect.Method.invoke(Method.java:564)
at org.testng.internal.MethodInvocationHelper.invokeMethod(MethodInvocationHelper.java:124)
at org.testng.internal.Invoker.invokeMethod(Invoker.java:583)
at org.testng.internal.Invoker.invokeTestMethod(Invoker.java:719)
at org.testng.internal.Invoker.invokeTestMethods(Invoker.java:989)
at org.testng.internal.TestMethodWorker.invokeTestMethods(TestMethodWorker.java:125)
at org.testng.internal.TestMethodWorker.run(TestMethodWorker.java:109)
at org.testng.TestRunner.privateRun(TestRunner.java:648)
at org.testng.TestRunner.run(TestRunner.java:505)
at org.testng.SuiteRunner.runTest(SuiteRunner.java:455)
at org.testng.SuiteRunner.runSequentially(SuiteRunner.java:450)
at org.testng.SuiteRunner.privateRun(SuiteRunner.java:415)
at org.testng.SuiteRunner.run(SuiteRunner.java:364)
at org.testng.SuiteRunnerWorker.runSuite(SuiteRunnerWorker.java:52)
at org.testng.SuiteRunnerWorker.run(SuiteRunnerWorker.java:84)
at org.testng.TestNG.runSuitesSequentially(TestNG.java:1208)
at org.testng.TestNG.runSuitesLocally(TestNG.java:1137)
at org.testng.TestNG.runSuites(TestNG.java:1049)
at org.testng.TestNG.run(TestNG.java:1017)
at org.testng.remote.AbstractRemoteTestNG.run(AbstractRemoteTestNG.java:115)
at org.testng.remote.RemoteTestNG.initAndRun(RemoteTestNG.java:251)
at org.testng.remote.RemoteTestNG.main(RemoteTestNG.java:77)
]]>
            </full-stacktrace>
          </exception> <!-- org.openqa.selenium.InvalidSelectorException -->
          <reporter-output>
          </reporter-output>
        </test-method> <!-- Verify_clickonFoodCat_Pizza_cat -->
      </class> <!-- testPages.MenuWebPageTest -->
    </test> <!-- WebOrders -->
  </suite> <!-- EposWebOrders -->
</testng-results>
